<?xml version="1.0" encoding="utf-8"?><testsuites name="pytest tests"><testsuite name="pytest" errors="0" failures="0" skipped="0" tests="16" time="42.640" timestamp="2026-05-18T18:59:55.607097+00:00" hostname="agent-env-75486679-577c-478a-ab22-081695b2ff0f"><testcase classname="backend.tests.test_iter3" name="test_register_and_me" time="0.687" /><testcase classname="backend.tests.test_iter3" name="test_login_existing" time="0.365" /><testcase classname="backend.tests.test_iter3" name="test_character_endpoint_has_new_stats" time="0.118" /><testcase classname="backend.tests.test_iter3" name="test_scan_returns_new_schema" time="2.950" /><testcase classname="backend.tests.test_iter3" name="test_scan_duplicate_returns_echo_shards" time="1.576" /><testcase classname="backend.tests.test_iter3" name="test_scan_ai_no_real_product_in_name" time="5.814" /><testcase classname="backend.tests.test_iter3" name="test_equip_leg_l_and_leg_r_independent" time="15.991" /><testcase classname="backend.tests.test_iter3" name="test_twohand_auto_unequips_offhand" time="6.434" /><testcase classname="backend.tests.test_iter3" name="test_battle_preview_shape" time="0.131" /><testcase classname="backend.tests.test_iter3" name="test_battle_skip_changes_enemy" time="0.271" /><testcase classname="backend.tests.test_iter3" name="test_battle_fight_resolves" time="0.246" /><testcase classname="backend.tests.test_iter3" name="test_battle_no_stamina_returns_400" time="1.785" /><testcase classname="backend.tests.test_iter3" name="test_inventory_returns_items" time="0.135" /><testcase classname="backend.tests.test_iter3" name="test_market_listings_endpoint" time="0.137" /><testcase classname="backend.tests.test_iter3" name="test_market_list_buy_cancel_flow" time="3.996" /><testcase classname="backend.tests.test_iter3" name="test_destroy_item" time="1.896" /></testsuite></testsuites>