<?xml version="1.0" encoding="utf-8"?><testsuites name="pytest tests"><testsuite name="pytest" errors="0" failures="0" skipped="0" tests="15" time="6.013" timestamp="2026-05-18T18:21:28.246925+00:00" hostname="agent-env-75486679-577c-478a-ab22-081695b2ff0f"><testcase classname="backend.tests.test_new_endpoints.TestGoogleSession" name="test_endpoint_exists_rejects_bogus" time="0.399" /><testcase classname="backend.tests.test_new_endpoints.TestGoogleSession" name="test_endpoint_validates_input" time="0.061" /><testcase classname="backend.tests.test_new_endpoints.TestAvatar" name="test_preset_success_and_persists" time="0.416" /><testcase classname="backend.tests.test_new_endpoints.TestAvatar" name="test_preset_8_accepted" time="0.071" /><testcase classname="backend.tests.test_new_endpoints.TestAvatar" name="test_https_url_accepted" time="0.068" /><testcase classname="backend.tests.test_new_endpoints.TestAvatar" name="test_data_uri_small_accepted" time="0.061" /><testcase classname="backend.tests.test_new_endpoints.TestAvatar" name="test_empty_string_rejected" time="0.060" /><testcase classname="backend.tests.test_new_endpoints.TestAvatar" name="test_malformed_rejected" time="0.063" /><testcase classname="backend.tests.test_new_endpoints.TestAvatar" name="test_oversize_data_uri_rejected" time="0.258" /><testcase classname="backend.tests.test_new_endpoints.TestAvatar" name="test_unauthorized_no_token" time="0.064" /><testcase classname="backend.tests.test_new_endpoints.TestRegression" name="test_seed_login" time="0.287" /><testcase classname="backend.tests.test_new_endpoints.TestRegression" name="test_character" time="0.062" /><testcase classname="backend.tests.test_new_endpoints.TestRegression" name="test_inventory" time="0.062" /><testcase classname="backend.tests.test_new_endpoints.TestRegression" name="test_market_listings" time="0.080" /><testcase classname="backend.tests.test_new_endpoints.TestRegression" name="test_scan_creates_item" time="3.813" /></testsuite></testsuites>