<?xml version="1.0" encoding="utf-8"?><testsuites name="pytest tests"><testsuite name="pytest" errors="0" failures="1" skipped="1" tests="24" time="114.256" timestamp="2026-05-18T18:21:38.759608+00:00" hostname="agent-env-75486679-577c-478a-ab22-081695b2ff0f"><testcase classname="backend.tests.backend_test.TestAuth" name="test_register_returns_token" time="0.384" /><testcase classname="backend.tests.backend_test.TestAuth" name="test_login_valid" time="0.293" /><testcase classname="backend.tests.backend_test.TestAuth" name="test_login_invalid" time="0.293" /><testcase classname="backend.tests.backend_test.TestAuth" name="test_me_with_token" time="0.066" /><testcase classname="backend.tests.backend_test.TestAuth" name="test_me_no_token" time="0.072" /><testcase classname="backend.tests.backend_test.TestAuth" name="test_me_bad_token" time="0.064" /><testcase classname="backend.tests.backend_test.TestCharacter" name="test_character_shape" time="0.075" /><testcase classname="backend.tests.backend_test.TestScan" name="test_scan_creates_item" time="1.318" /><testcase classname="backend.tests.backend_test.TestScan" name="test_scan_deterministic" time="2.235" /><testcase classname="backend.tests.backend_test.TestScan" name="test_scan_invalid_barcode" time="0.067" /><testcase classname="backend.tests.backend_test.TestItemActions" name="test_equip_swap_logic" time="6.599" /><testcase classname="backend.tests.backend_test.TestItemActions" name="test_cannot_equip_consumable" time="10.315" /><testcase classname="backend.tests.backend_test.TestItemActions" name="test_use_consumable_heals" time="3.885" /><testcase classname="backend.tests.backend_test.TestItemActions" name="test_destroy_refund" time="1.351" /><testcase classname="backend.tests.backend_test.TestUpgrade" name="test_upgrade_rejects_past_char_level" time="16.910"><failure message="AssertionError: {&quot;ok&quot;:true,&quot;item&quot;:{&quot;id&quot;:&quot;b039da39-68d1-41ff-a6f6-0188043cfd06&quot;,&quot;owner_id&quot;:&quot;3cab9edd-6197-43dd-9c2b-e02fef83eea0&quot;,&quot;barcode&quot;:&quot;2500000000008&quot;,&quot;name&quot;:&quot;Iron Fang&quot;,&quot;lore&quot;:&quot;A worn dagger of humble make, yet faithful to its wielder through countless trials.&quot;,&quot;slot&quot;:&quot;weapon&quot;,&quot;rarity&quot;:&quot;common&quot;,&quot;level&quot;:2,&quot;atk&quot;:9,&quot;defense&quot;:0,&quot;mag&quot;:2,&quot;hp&quot;:0,&quot;mana&quot;:0,&quot;equipped&quot;:false,&quot;listed&quot;:false,&quot;created_at&quot;:&quot;2026-05-18T18:22:16.943000&quot;}}&#10;assert 200 == 400&#10; +  where 200 = &lt;Response [200]&gt;.status_code">E   AssertionError: {"ok":true,"item":{"id":"b039da39-68d1-41ff-a6f6-0188043cfd06","owner_id":"3cab9edd-6197-43dd-9c2b-e02fef83eea0","barcode":"2500000000008","name":"Iron Fang","lore":"A worn dagger of humble make, yet faithful to its wielder through countless trials.","slot":"weapon","rarity":"common","level":2,"atk":9,"defense":0,"mag":2,"hp":0,"mana":0,"equipped":false,"listed":false,"created_at":"2026-05-18T18:22:16.943000"}}
    assert 200 == 400
     +  where 200 = &lt;Response [200]&gt;.status_code</failure></testcase><testcase classname="backend.tests.backend_test.TestUpgrade" name="test_upgrade_success_below_char_level" time="61.102" /><testcase classname="backend.tests.backend_test.TestMarket" name="test_price_band" time="3.876" /><testcase classname="backend.tests.backend_test.TestMarket" name="test_list_rejects_out_of_range" time="0.154" /><testcase classname="backend.tests.backend_test.TestMarket" name="test_list_rejects_equipped" time="2.590" /><testcase classname="backend.tests.backend_test.TestMarket" name="test_list_success_and_get_listings" time="0.265" /><testcase classname="backend.tests.backend_test.TestMarket" name="test_cannot_buy_own_listing" time="0.066" /><testcase classname="backend.tests.backend_test.TestMarket" name="test_buy_insufficient_gold" time="0.000"><skipped type="pytest.skip" message="Listing price within starting gold; cannot test insufficient gold path">/app/backend/tests/backend_test.py:343: Listing price within starting gold; cannot test insufficient gold path</skipped></testcase><testcase classname="backend.tests.backend_test.TestMarket" name="test_buy_success" time="0.528" /><testcase classname="backend.tests.backend_test.TestMarket" name="test_cancel_listing_returns_item" time="1.674" /></testsuite></testsuites>