<?xml version="1.0" encoding="utf-8"?><testsuites name="pytest tests"><testsuite name="pytest" errors="0" failures="1" skipped="1" tests="23" time="52.790" timestamp="2026-05-18T17:42:19.390337+00:00" hostname="agent-env-75486679-577c-478a-ab22-081695b2ff0f"><testcase classname="tests.backend_test.TestAuth" name="test_register_returns_token" time="0.497" /><testcase classname="tests.backend_test.TestAuth" name="test_login_valid" time="0.275" /><testcase classname="tests.backend_test.TestAuth" name="test_login_invalid" time="0.275" /><testcase classname="tests.backend_test.TestAuth" name="test_me_with_token" time="0.050" /><testcase classname="tests.backend_test.TestAuth" name="test_me_no_token" time="0.049" /><testcase classname="tests.backend_test.TestAuth" name="test_me_bad_token" time="0.067" /><testcase classname="tests.backend_test.TestCharacter" name="test_character_shape" time="0.049" /><testcase classname="tests.backend_test.TestScan" name="test_scan_creates_item" time="3.370" /><testcase classname="tests.backend_test.TestScan" name="test_scan_deterministic" time="1.913" /><testcase classname="tests.backend_test.TestScan" name="test_scan_invalid_barcode" time="0.053" /><testcase classname="tests.backend_test.TestItemActions" name="test_equip_swap_logic" time="9.446" /><testcase classname="tests.backend_test.TestItemActions" name="test_cannot_equip_consumable" time="5.855" /><testcase classname="tests.backend_test.TestItemActions" name="test_use_consumable_heals" time="3.353" /><testcase classname="tests.backend_test.TestItemActions" name="test_destroy_refund" time="1.294" /><testcase classname="tests.backend_test.TestUpgrade" name="test_upgrade_rejects_past_char_level" time="5.669"><failure message="AssertionError: {&quot;ok&quot;:true,&quot;item&quot;:{&quot;id&quot;:&quot;a3a47cc3-cb03-48eb-9338-88886428a007&quot;,&quot;owner_id&quot;:&quot;64e6eeb0-9bee-45e3-a1c5-8be342587c43&quot;,&quot;barcode&quot;:&quot;1500000000000&quot;,&quot;name&quot;:&quot;Iron Novice's Blade&quot;,&quot;lore&quot;:&quot;A simple sword forged by village smiths, its dull edge has tasted countless training dummies but never true blood.&quot;,&quot;slot&quot;:&quot;weapon&quot;,&quot;rarity&quot;:&quot;common&quot;,&quot;level&quot;:2,&quot;atk&quot;:10,&quot;defense&quot;:0,&quot;mag&quot;:2,&quot;hp&quot;:0,&quot;mana&quot;:0,&quot;equipped&quot;:false,&quot;listed&quot;:false,&quot;created_at&quot;:&quot;2026-05-18T17:42:47.299000&quot;}}&#10;assert 200 == 400&#10; +  where 200 = &lt;Response [200]&gt;.status_code">tests/backend_test.py:221: in test_upgrade_rejects_past_char_level
    assert r.status_code == 400, r.text
E   AssertionError: {"ok":true,"item":{"id":"a3a47cc3-cb03-48eb-9338-88886428a007","owner_id":"64e6eeb0-9bee-45e3-a1c5-8be342587c43","barcode":"1500000000000","name":"Iron Novice's Blade","lore":"A simple sword forged by village smiths, its dull edge has tasted countless training dummies but never true blood.","slot":"weapon","rarity":"common","level":2,"atk":10,"defense":0,"mag":2,"hp":0,"mana":0,"equipped":false,"listed":false,"created_at":"2026-05-18T17:42:47.299000"}}
E   assert 200 == 400
E    +  where 200 = &lt;Response [200]&gt;.status_code</failure></testcase><testcase classname="tests.backend_test.TestMarket" name="test_price_band" time="13.783" /><testcase classname="tests.backend_test.TestMarket" name="test_list_rejects_out_of_range" time="0.126" /><testcase classname="tests.backend_test.TestMarket" name="test_list_rejects_equipped" time="2.568" /><testcase classname="tests.backend_test.TestMarket" name="test_list_success_and_get_listings" time="0.153" /><testcase classname="tests.backend_test.TestMarket" name="test_cannot_buy_own_listing" time="0.048" /><testcase classname="tests.backend_test.TestMarket" name="test_buy_insufficient_gold" time="0.000"><skipped type="pytest.skip" message="Listing price within starting gold; cannot test insufficient gold path">/app/backend/tests/backend_test.py:298: Listing price within starting gold; cannot test insufficient gold path</skipped></testcase><testcase classname="tests.backend_test.TestMarket" name="test_buy_success" time="0.423" /><testcase classname="tests.backend_test.TestMarket" name="test_cancel_listing_returns_item" time="3.253" /></testsuite></testsuites>